  Application.cpp
c:\users\rowan\documents\msc work\dissertation\dissertation\project\project\camera.h(120): warning C4244: '=': conversion from 'double' to 'T', possible loss of data
          with
          [
              T=float
          ]
c:\users\rowan\documents\msc work\dissertation\dissertation\project\project\camera.h(121): warning C4244: '=': conversion from 'double' to 'T', possible loss of data
          with
          [
              T=float
          ]
c:\users\rowan\documents\msc work\dissertation\dissertation\project\project\camera.h(122): warning C4244: '=': conversion from 'double' to 'T', possible loss of data
          with
          [
              T=float
          ]
c:\users\rowan\documents\msc work\dissertation\dissertation\project\project\application.cpp(161): warning C4018: '<': signed/unsigned mismatch
c:\users\rowan\documents\msc work\dissertation\dissertation\project\project\application.cpp(221): warning C4244: 'argument': conversion from 'double' to 'float', possible loss of data
c:\users\rowan\documents\msc work\dissertation\dissertation\project\project\application.cpp(407): warning C4244: 'argument': conversion from 'double' to 'float', possible loss of data
c:\users\rowan\documents\msc work\dissertation\dissertation\project\project\application.cpp(409): warning C4244: 'argument': conversion from 'double' to 'float', possible loss of data
c:\users\rowan\documents\msc work\dissertation\dissertation\project\project\application.cpp(411): warning C4244: 'argument': conversion from 'double' to 'float', possible loss of data
c:\users\rowan\documents\msc work\dissertation\dissertation\project\project\application.cpp(413): warning C4244: 'argument': conversion from 'double' to 'float', possible loss of data
c:\users\rowan\documents\msc work\dissertation\dissertation\project\project\application.cpp(436): warning C4244: 'argument': conversion from 'double' to 'float', possible loss of data
  Project.vcxproj -> C:\Users\Rowan\Documents\MSC Work\Dissertation\Dissertation\Project\Debug\Project.exe
